{"/Users/furkanalptokac/Desktop/projects-personal/frontend-testing/src/components/App/App.styles.tsx": {"path":"/Users/furkanalptokac/Desktop/projects-personal/frontend-testing/src/components/App/App.styles.tsx","statementMap":{"0":{"start":{"line":1,"column":0},"end":{"line":1,"column":44}},"1":{"start":{"line":3,"column":13},"end":{"line":14,"column":3}}},"fnMap":{},"branchMap":{},"s":{"0":1,"1":1},"f":{},"b":{}}
,"/Users/furkanalptokac/Desktop/projects-personal/frontend-testing/src/components/App/App.tsx": {"path":"/Users/furkanalptokac/Desktop/projects-personal/frontend-testing/src/components/App/App.tsx","statementMap":{"0":{"start":{"line":2,"column":0},"end":{"line":2,"column":41}},"1":{"start":{"line":4,"column":0},"end":{"line":4,"column":31}},"2":{"start":{"line":7,"column":22},"end":{"line":19,"column":1}},"3":{"start":{"line":8,"column":18},"end":{"line":8,"column":29}},"4":{"start":{"line":10,"column":19},"end":{"line":12,"column":3}},"5":{"start":{"line":11,"column":4},"end":{"line":11,"column":37}},"6":{"start":{"line":14,"column":2},"end":{"line":18,"column":4}},"7":{"start":{"line":21,"column":0},"end":{"line":21,"column":19}}},"fnMap":{"0":{"name":"(anonymous_0)","decl":{"start":{"line":7,"column":22},"end":{"line":7,"column":25}},"loc":{"start":{"line":7,"column":27},"end":{"line":19,"column":1}}},"1":{"name":"(anonymous_1)","decl":{"start":{"line":10,"column":19},"end":{"line":10,"column":20}},"loc":{"start":{"line":10,"column":47},"end":{"line":12,"column":3}}}},"branchMap":{},"s":{"0":1,"1":1,"2":1,"3":1,"4":1,"5":0,"6":1,"7":1},"f":{"0":1,"1":0},"b":{}}
,"/Users/furkanalptokac/Desktop/projects-personal/frontend-testing/src/components/App/index.ts": {"path":"/Users/furkanalptokac/Desktop/projects-personal/frontend-testing/src/components/App/index.ts","statementMap":{"0":{"start":{"line":1,"column":0},"end":{"line":1,"column":9}},"1":{"start":{"line":1,"column":9},"end":{"line":1,"column":23}}},"fnMap":{"0":{"name":"(anonymous_1)","decl":{"start":{"line":1,"column":9},"end":{"line":1,"column":16}},"loc":{"start":{"line":1,"column":9},"end":{"line":1,"column":23}}}},"branchMap":{},"s":{"0":1,"1":2},"f":{"0":1},"b":{}}
,"/Users/furkanalptokac/Desktop/projects-personal/frontend-testing/src/components/Form/Form.styles.tsx": {"path":"/Users/furkanalptokac/Desktop/projects-personal/frontend-testing/src/components/Form/Form.styles.tsx","statementMap":{"0":{"start":{"line":1,"column":0},"end":{"line":1,"column":44}},"1":{"start":{"line":3,"column":13},"end":{"line":15,"column":3}}},"fnMap":{},"branchMap":{},"s":{"0":2,"1":2},"f":{},"b":{}}
,"/Users/furkanalptokac/Desktop/projects-personal/frontend-testing/src/components/Form/Form.tsx": {"path":"/Users/furkanalptokac/Desktop/projects-personal/frontend-testing/src/components/Form/Form.tsx","statementMap":{"0":{"start":{"line":2,"column":0},"end":{"line":2,"column":54}},"1":{"start":{"line":4,"column":0},"end":{"line":4,"column":42}},"2":{"start":{"line":8,"column":30},"end":{"line":73,"column":1}},"3":{"start":{"line":9,"column":18},"end":{"line":9,"column":29}},"4":{"start":{"line":11,"column":24},"end":{"line":15,"column":4}},"5":{"start":{"line":17,"column":36},"end":{"line":20,"column":4}},"6":{"start":{"line":22,"column":2},"end":{"line":72,"column":4}},"7":{"start":{"line":27,"column":12},"end":{"line":31,"column":null}},"8":{"start":{"line":41,"column":12},"end":{"line":45,"column":null}},"9":{"start":{"line":55,"column":12},"end":{"line":59,"column":null}},"10":{"start":{"line":75,"column":0},"end":{"line":75,"column":20}}},"fnMap":{"0":{"name":"(anonymous_0)","decl":{"start":{"line":8,"column":30},"end":{"line":8,"column":31}},"loc":{"start":{"line":8,"column":47},"end":{"line":73,"column":1}}},"1":{"name":"(anonymous_1)","decl":{"start":{"line":26,"column":18},"end":{"line":26,"column":19}},"loc":{"start":{"line":27,"column":12},"end":{"line":31,"column":null}}},"2":{"name":"(anonymous_2)","decl":{"start":{"line":40,"column":18},"end":{"line":40,"column":19}},"loc":{"start":{"line":41,"column":12},"end":{"line":45,"column":null}}},"3":{"name":"(anonymous_3)","decl":{"start":{"line":54,"column":18},"end":{"line":54,"column":19}},"loc":{"start":{"line":55,"column":12},"end":{"line":59,"column":null}}}},"branchMap":{},"s":{"0":2,"1":2,"2":2,"3":3,"4":3,"5":3,"6":3,"7":4,"8":4,"9":4,"10":2},"f":{"0":3,"1":4,"2":4,"3":4},"b":{}}
,"/Users/furkanalptokac/Desktop/projects-personal/frontend-testing/src/components/Form/index.ts": {"path":"/Users/furkanalptokac/Desktop/projects-personal/frontend-testing/src/components/Form/index.ts","statementMap":{"0":{"start":{"line":1,"column":0},"end":{"line":1,"column":9}},"1":{"start":{"line":1,"column":9},"end":{"line":1,"column":24}}},"fnMap":{"0":{"name":"(anonymous_1)","decl":{"start":{"line":1,"column":9},"end":{"line":1,"column":16}},"loc":{"start":{"line":1,"column":9},"end":{"line":1,"column":24}}}},"branchMap":{},"s":{"0":2,"1":5},"f":{"0":3},"b":{}}
}
