TN:
SF:src/components/App/App.styles.tsx
FNF:0
FNH:0
DA:1,1
DA:3,1
LF:2
LH:2
BRF:0
BRH:0
end_of_record
TN:
SF:src/components/App/App.tsx
FN:7,(anonymous_0)
FN:10,(anonymous_1)
FNF:2
FNH:1
FNDA:1,(anonymous_0)
FNDA:0,(anonymous_1)
DA:2,1
DA:4,1
DA:7,1
DA:8,1
DA:10,1
DA:11,0
DA:14,1
DA:21,1
LF:8
LH:7
BRF:0
BRH:0
end_of_record
TN:
SF:src/components/App/index.ts
FN:1,(anonymous_1)
FNF:1
FNH:1
FNDA:1,(anonymous_1)
DA:1,2
LF:1
LH:1
BRF:0
BRH:0
end_of_record
TN:
SF:src/components/Form/Form.styles.tsx
FNF:0
FNH:0
DA:1,2
DA:3,2
LF:2
LH:2
BRF:0
BRH:0
end_of_record
TN:
SF:src/components/Form/Form.tsx
FN:8,(anonymous_0)
FN:26,(anonymous_1)
FN:40,(anonymous_2)
FN:54,(anonymous_3)
FNF:4
FNH:4
FNDA:3,(anonymous_0)
FNDA:4,(anonymous_1)
FNDA:4,(anonymous_2)
FNDA:4,(anonymous_3)
DA:2,2
DA:4,2
DA:8,2
DA:9,3
DA:11,3
DA:17,3
DA:22,3
DA:27,4
DA:41,4
DA:55,4
DA:75,2
LF:11
LH:11
BRF:0
BRH:0
end_of_record
TN:
SF:src/components/Form/index.ts
FN:1,(anonymous_1)
FNF:1
FNH:1
FNDA:3,(anonymous_1)
DA:1,5
LF:1
LH:1
BRF:0
BRH:0
end_of_record
